<?xml version="1.0" encoding="UTF-8"?>
<testsuites name="Orange Test Suite" time="7.846" tests="1" failures="0" errors="0">
   <testsuite name="Orange Test Suite" tests="1" failures="0" errors="0" time="7.846" skipped="0" timestamp="11-01-2025T19:43:20" hostname="User - DESKTOP-N69M4SM.mynetworksettings.com" id="Test Suites/Orange Test Suite">
      <properties>
         <property name="deviceName" value=""/>
         <property name="devicePlatform"/>
         <property name="logFolder" value="C:\\Users\\User\\git\\git_kre_katalon\\Reports\\20250111_194316\\Orange Test Suite\\20250111_194316"/>
         <property name="logFiles" value="C:\\Users\\User\\git\\git_kre_katalon\\Reports\\20250111_194316\\Orange Test Suite\\20250111_194316\\execution0.log"/>
         <property name="attachments" value=""/>
         <property name="hostName" value="User - DESKTOP-N69M4SM.mynetworksettings.com"/>
         <property name="os" value="Windows 11 64bit"/>
         <property name="katalonVersion" value="9.7.3.223"/>
         <property name="browser" value="Chrome 131.0.0.0"/>
         <property name="hostAddress" value="192.168.1.230"/>
         <property name="sessionId" value="d0448f371eb34580d2c1e9be9e6d6694"/>
         <property name="seleniumVersion" value="3.141.59"/>
         <property name="proxyInformation" value="ProxyInformation { proxyOption=NO_PROXY, proxyServerType=HTTP, username=, password=********, proxyServerAddress=, proxyServerPort=0, executionList=&quot;&quot;, isApplyToDesiredCapabilities=true }"/>
         <property name="platform" value="Windows 11"/>
      </properties>
      <testcase name="Test Cases/OrangeHRM/HRTestCase01" time="7.67" classname="Test Cases/OrangeHRM/HRTestCase01" status="PASSED">
         <system-out><![CDATA[11-01-2025T19:43:20 - [TEST_CASE][PASSED] - Test Cases/OrangeHRM/HRTestCase01: Test Cases/OrangeHRM/HRTestCase01

11-01-2025T19:43:20 - [TEST_STEP][PASSED] - openBrowser(""): Browser is opened with url: ''

11-01-2025T19:43:21 - [MESSAGE][INFO] - Starting 'Chrome' driver

11-01-2025T19:43:21 - [MESSAGE][INFO] - Action delay is set to 0 milliseconds

11-01-2025T19:43:22 - [MESSAGE][PASSED] - Browser is opened with url: ''

11-01-2025T19:43:22 - [TEST_STEP][PASSED] - navigateToUrl("https://opensource-demo.orangehrmlive.com/web/index.php/auth/login"): Navigate to 'https://opensource-demo.orangehrmlive.com/web/index.php/auth/login' successfully

11-01-2025T19:43:23 - [MESSAGE][PASSED] - Navigate to 'https://opensource-demo.orangehrmlive.com/web/index.php/auth/login' successfully

11-01-2025T19:43:23 - [TEST_STEP][PASSED] - click(findTestObject("Object Repository/Page_OrangeHRM/p_Username  Admin")): Object: 'Object Repository/Page_OrangeHRM/p_Username  Admin' is clicked on

11-01-2025T19:43:23 - [MESSAGE][PASSED] - Object: 'Object Repository/Page_OrangeHRM/p_Username  Admin' is clicked on

11-01-2025T19:43:23 - [TEST_STEP][PASSED] - setText(findTestObject("Object Repository/Page_OrangeHRM/input_Username_username"), "Admin"): Text 'Admin' is set on object 'Object Repository/Page_OrangeHRM/input_Username_username'

11-01-2025T19:43:24 - [MESSAGE][PASSED] - Text 'Admin' is set on object 'Object Repository/Page_OrangeHRM/input_Username_username'

11-01-2025T19:43:24 - [TEST_STEP][PASSED] - click(findTestObject("Object Repository/Page_OrangeHRM/p_Password  admin123")): Object: 'Object Repository/Page_OrangeHRM/p_Password  admin123' is clicked on

11-01-2025T19:43:24 - [MESSAGE][PASSED] - Object: 'Object Repository/Page_OrangeHRM/p_Password  admin123' is clicked on

11-01-2025T19:43:24 - [TEST_STEP][PASSED] - setEncryptedText(findTestObject("Object Repository/Page_OrangeHRM/input_Password_password"), "hUKwJTbofgPU9eVlw/CnDQ=="): Text ****** has been set on object 'Object Repository/Page_OrangeHRM/input_Password_password'

11-01-2025T19:43:25 - [MESSAGE][PASSED] - Text ****** has been set on object 'Object Repository/Page_OrangeHRM/input_Password_password'

11-01-2025T19:43:25 - [TEST_STEP][PASSED] - click(findTestObject("Object Repository/Page_OrangeHRM/button_Login")): Object: 'Object Repository/Page_OrangeHRM/button_Login' is clicked on

11-01-2025T19:43:25 - [MESSAGE][PASSED] - Object: 'Object Repository/Page_OrangeHRM/button_Login' is clicked on

11-01-2025T19:43:25 - [TEST_STEP][PASSED] - verifyElementText(findTestObject("Object Repository/Page_OrangeHRM/p_Time at Work"), "Time at Work"): Actual text and expected text of test object 'Object Repository/Page_OrangeHRM/p_Time at Work' are matched.

11-01-2025T19:43:27 - [MESSAGE][PASSED] - Actual text and expected text of test object 'Object Repository/Page_OrangeHRM/p_Time at Work' are matched.

11-01-2025T19:43:27 - [TEST_STEP][PASSED] - click(findTestObject("Object Repository/Page_OrangeHRM/i_Upgrade_oxd-icon bi-caret-down-fill oxd-u_ca92f9")): Object: 'Object Repository/Page_OrangeHRM/i_Upgrade_oxd-icon bi-caret-down-fill oxd-u_ca92f9' is clicked on

11-01-2025T19:43:27 - [MESSAGE][PASSED] - Object: 'Object Repository/Page_OrangeHRM/i_Upgrade_oxd-icon bi-caret-down-fill oxd-u_ca92f9' is clicked on

11-01-2025T19:43:27 - [TEST_STEP][PASSED] - click(findTestObject("Object Repository/Page_OrangeHRM/a_Logout")): Object: 'Object Repository/Page_OrangeHRM/a_Logout' is clicked on

11-01-2025T19:43:28 - [MESSAGE][PASSED] - Object: 'Object Repository/Page_OrangeHRM/a_Logout' is clicked on

11-01-2025T19:43:28 - [TEST_STEP][PASSED] - closeBrowser(): Browser is closed

11-01-2025T19:43:28 - [MESSAGE][PASSED] - Browser is closed]]></system-out>
         <system-err><![CDATA[]]></system-err>
      </testcase>
      <system-out><![CDATA[11-01-2025T19:43:20 - [TEST_SUITE][PASSED] - Orange Test Suite: Test Cases/OrangeHRM/HRTestCase01]]></system-out>
      <system-err><![CDATA[]]></system-err>
   </testsuite>
</testsuites>
