<?xml version="1.0" encoding="UTF-8"?>
<testsuites name="Cura_TestSuite" time="16.582" tests="3" failures="0" errors="0">
   <testsuite name="Cura_TestSuite" tests="3" failures="0" errors="0" time="16.582" skipped="0" timestamp="10-01-2025T23:25:09" hostname="User - DESKTOP-N69M4SM.mynetworksettings.com" id="Test Suites/Cura_TestSuite">
      <properties>
         <property name="deviceName" value=""/>
         <property name="devicePlatform"/>
         <property name="logFolder" value="C:\\Users\\User\\git\\git_kre_katalon\\Reports\\20250110_232458\\Cura_TestSuite\\20250110_232459"/>
         <property name="logFiles" value="C:\\Users\\User\\git\\git_kre_katalon\\Reports\\20250110_232458\\Cura_TestSuite\\20250110_232459\\execution0.log"/>
         <property name="attachments" value=""/>
         <property name="hostName" value="User - DESKTOP-N69M4SM.mynetworksettings.com"/>
         <property name="os" value="Windows 11 64bit"/>
         <property name="katalonVersion" value="9.7.3.223"/>
         <property name="browser" value="Chrome 131.0.0.0"/>
         <property name="hostAddress" value="192.168.1.230"/>
         <property name="sessionId" value="ffb96199a7569e8c956d5cb3756778cc"/>
         <property name="seleniumVersion" value="3.141.59"/>
         <property name="proxyInformation" value="ProxyInformation { proxyOption=NO_PROXY, proxyServerType=HTTP, username=, password=********, proxyServerAddress=, proxyServerPort=0, executionList=&quot;&quot;, isApplyToDesiredCapabilities=true }"/>
         <property name="platform" value="Windows 11"/>
      </properties>
      <testcase name="Test Cases/CURA/Login_TC_01" time="7.088" classname="Test Cases/CURA/Login_TC_01" status="PASSED">
         <system-out><![CDATA[10-01-2025T23:25:09 - [TEST_CASE][PASSED] - Test Cases/CURA/Login_TC_01: Test Cases/CURA/Login_TC_01

10-01-2025T23:25:09 - [TEST_STEP][PASSED] - openBrowser(""): Browser is opened with url: ''

10-01-2025T23:25:10 - [MESSAGE][INFO] - Starting 'Chrome' driver

10-01-2025T23:25:10 - [MESSAGE][INFO] - Action delay is set to 0 milliseconds

10-01-2025T23:25:12 - [MESSAGE][PASSED] - Browser is opened with url: ''

10-01-2025T23:25:12 - [TEST_STEP][PASSED] - navigateToUrl("https://katalon-demo-cura.herokuapp.com/"): Navigate to 'https://katalon-demo-cura.herokuapp.com/' successfully

10-01-2025T23:25:12 - [MESSAGE][PASSED] - Navigate to 'https://katalon-demo-cura.herokuapp.com/' successfully

10-01-2025T23:25:12 - [TEST_STEP][PASSED] - click(findTestObject("Object Repository/Page_CURA Healthcare Service/a_Make Appointment")): Object: 'Object Repository/Page_CURA Healthcare Service/a_Make Appointment' is clicked on

10-01-2025T23:25:13 - [MESSAGE][PASSED] - Object: 'Object Repository/Page_CURA Healthcare Service/a_Make Appointment' is clicked on

10-01-2025T23:25:13 - [TEST_STEP][PASSED] - click(findTestObject("Object Repository/Page_CURA Healthcare Service/input_Username_username")): Object: 'Object Repository/Page_CURA Healthcare Service/input_Username_username' is clicked on

10-01-2025T23:25:14 - [MESSAGE][PASSED] - Object: 'Object Repository/Page_CURA Healthcare Service/input_Username_username' is clicked on

10-01-2025T23:25:14 - [TEST_STEP][PASSED] - click(findTestObject("Object Repository/Page_CURA Healthcare Service/input_Demo account_form-control")): Object: 'Object Repository/Page_CURA Healthcare Service/input_Demo account_form-control' is clicked on

10-01-2025T23:25:14 - [MESSAGE][PASSED] - Object: 'Object Repository/Page_CURA Healthcare Service/input_Demo account_form-control' is clicked on

10-01-2025T23:25:14 - [TEST_STEP][PASSED] - setText(findTestObject("Object Repository/Page_CURA Healthcare Service/input_Username_username"), username): Text 'John Doe' is set on object 'Object Repository/Page_CURA Healthcare Service/input_Username_username'

10-01-2025T23:25:15 - [MESSAGE][PASSED] - Text 'John Doe' is set on object 'Object Repository/Page_CURA Healthcare Service/input_Username_username'

10-01-2025T23:25:15 - [TEST_STEP][PASSED] - setText(findTestObject("Page_CURA Healthcare Service/input_Password_password"), password): Text 'ThisIsNotAPassword' is set on object 'Object Repository/Page_CURA Healthcare Service/input_Password_password'

10-01-2025T23:25:15 - [MESSAGE][PASSED] - Text 'ThisIsNotAPassword' is set on object 'Object Repository/Page_CURA Healthcare Service/input_Password_password'

10-01-2025T23:25:15 - [TEST_STEP][PASSED] - click(findTestObject("Object Repository/Page_CURA Healthcare Service/input_Demo account_form-control_1")): Object: 'Object Repository/Page_CURA Healthcare Service/input_Demo account_form-control_1' is clicked on

10-01-2025T23:25:16 - [MESSAGE][PASSED] - Object: 'Object Repository/Page_CURA Healthcare Service/input_Demo account_form-control_1' is clicked on

10-01-2025T23:25:16 - [TEST_STEP][PASSED] - click(findTestObject("Object Repository/Page_CURA Healthcare Service/button_Login")): Object: 'Object Repository/Page_CURA Healthcare Service/button_Login' is clicked on

10-01-2025T23:25:16 - [MESSAGE][PASSED] - Object: 'Object Repository/Page_CURA Healthcare Service/button_Login' is clicked on]]></system-out>
         <system-err><![CDATA[]]></system-err>
      </testcase>
      <testcase name="Test Cases/CURA/makeAppointment" time="8.139" classname="Test Cases/CURA/makeAppointment" status="PASSED">
         <system-out><![CDATA[10-01-2025T23:25:16 - [TEST_CASE][PASSED] - Test Cases/CURA/makeAppointment: Test Cases/CURA/makeAppointment

10-01-2025T23:25:16 - [TEST_STEP][PASSED] - openBrowser(""): Browser is opened with url: ''

10-01-2025T23:25:16 - [MESSAGE][WARNING] - A browser is already opened. Closing browser and opening a new one

10-01-2025T23:25:17 - [MESSAGE][INFO] - Starting 'Chrome' driver

10-01-2025T23:25:17 - [MESSAGE][INFO] - Action delay is set to 0 milliseconds

10-01-2025T23:25:17 - [MESSAGE][PASSED] - Browser is opened with url: ''

10-01-2025T23:25:17 - [TEST_STEP][PASSED] - navigateToUrl("https://katalon-demo-cura.herokuapp.com/"): Navigate to 'https://katalon-demo-cura.herokuapp.com/' successfully

10-01-2025T23:25:18 - [MESSAGE][PASSED] - Navigate to 'https://katalon-demo-cura.herokuapp.com/' successfully

10-01-2025T23:25:18 - [TEST_STEP][PASSED] - click(findTestObject("Object Repository/Page_CURA Healthcare Service/a_Make Appointment")): Object: 'Object Repository/Page_CURA Healthcare Service/a_Make Appointment' is clicked on

10-01-2025T23:25:18 - [MESSAGE][PASSED] - Object: 'Object Repository/Page_CURA Healthcare Service/a_Make Appointment' is clicked on

10-01-2025T23:25:18 - [TEST_STEP][PASSED] - click(findTestObject("Object Repository/Page_CURA Healthcare Service/input_Demo account_form-control")): Object: 'Object Repository/Page_CURA Healthcare Service/input_Demo account_form-control' is clicked on

10-01-2025T23:25:19 - [MESSAGE][PASSED] - Object: 'Object Repository/Page_CURA Healthcare Service/input_Demo account_form-control' is clicked on

10-01-2025T23:25:19 - [TEST_STEP][PASSED] - setText(findTestObject("Object Repository/Page_CURA Healthcare Service/input_Username_username"), "John Doe"): Text 'John Doe' is set on object 'Object Repository/Page_CURA Healthcare Service/input_Username_username'

10-01-2025T23:25:19 - [MESSAGE][PASSED] - Text 'John Doe' is set on object 'Object Repository/Page_CURA Healthcare Service/input_Username_username'

10-01-2025T23:25:19 - [TEST_STEP][PASSED] - setEncryptedText(findTestObject("Object Repository/Page_CURA Healthcare Service/input_Password_password"), "9NLz+4tGZcQ="): Text ****** has been set on object 'Object Repository/Page_CURA Healthcare Service/input_Password_password'

10-01-2025T23:25:20 - [MESSAGE][PASSED] - Text ****** has been set on object 'Object Repository/Page_CURA Healthcare Service/input_Password_password'

10-01-2025T23:25:20 - [TEST_STEP][PASSED] - click(findTestObject("Object Repository/Page_CURA Healthcare Service/input_Demo account_form-control_1")): Object: 'Object Repository/Page_CURA Healthcare Service/input_Demo account_form-control_1' is clicked on

10-01-2025T23:25:20 - [MESSAGE][PASSED] - Object: 'Object Repository/Page_CURA Healthcare Service/input_Demo account_form-control_1' is clicked on

10-01-2025T23:25:20 - [TEST_STEP][PASSED] - setEncryptedText(findTestObject("Object Repository/Page_CURA Healthcare Service/input_Password_password"), "g3/DOGG74jC3Flrr3yH+3D/yKbOqqUNM"): Text ****** has been set on object 'Object Repository/Page_CURA Healthcare Service/input_Password_password'

10-01-2025T23:25:20 - [MESSAGE][PASSED] - Text ****** has been set on object 'Object Repository/Page_CURA Healthcare Service/input_Password_password'

10-01-2025T23:25:20 - [TEST_STEP][PASSED] - click(findTestObject("Object Repository/Page_CURA Healthcare Service/button_Login")): Object: 'Object Repository/Page_CURA Healthcare Service/button_Login' is clicked on

10-01-2025T23:25:21 - [MESSAGE][PASSED] - Object: 'Object Repository/Page_CURA Healthcare Service/button_Login' is clicked on

10-01-2025T23:25:21 - [TEST_STEP][PASSED] - selectOptionByValue(findTestObject("Object Repository/Page_CURA Healthcare Service/select_Tokyo CURA Healthcare Center        _5b4107"), "Hongkong CURA Healthcare Center", true): All options with value 'Hongkong CURA Healthcare Center' are selected in object 'Object Repository/Page_CURA Healthcare Service/select_Tokyo CURA Healthcare Center        _5b4107'  using regular expression

10-01-2025T23:25:22 - [MESSAGE][PASSED] - All options with value 'Hongkong CURA Healthcare Center' are selected in object 'Object Repository/Page_CURA Healthcare Service/select_Tokyo CURA Healthcare Center        _5b4107'  using regular expression

10-01-2025T23:25:22 - [TEST_STEP][PASSED] - click(findTestObject("Object Repository/Page_CURA Healthcare Service/input_Apply for hospital readmission_hospit_63901f")): Object: 'Object Repository/Page_CURA Healthcare Service/input_Apply for hospital readmission_hospit_63901f' is clicked on

10-01-2025T23:25:22 - [MESSAGE][PASSED] - Object: 'Object Repository/Page_CURA Healthcare Service/input_Apply for hospital readmission_hospit_63901f' is clicked on

10-01-2025T23:25:22 - [TEST_STEP][PASSED] - click(findTestObject("Object Repository/Page_CURA Healthcare Service/label_Medicaid")): Object: 'Object Repository/Page_CURA Healthcare Service/label_Medicaid' is clicked on

10-01-2025T23:25:22 - [MESSAGE][PASSED] - Object: 'Object Repository/Page_CURA Healthcare Service/label_Medicaid' is clicked on

10-01-2025T23:25:22 - [TEST_STEP][PASSED] - click(findTestObject("Object Repository/Page_CURA Healthcare Service/input_Visit Date (Required)_visit_date")): Object: 'Object Repository/Page_CURA Healthcare Service/input_Visit Date (Required)_visit_date' is clicked on

10-01-2025T23:25:22 - [MESSAGE][PASSED] - Object: 'Object Repository/Page_CURA Healthcare Service/input_Visit Date (Required)_visit_date' is clicked on

10-01-2025T23:25:22 - [TEST_STEP][PASSED] - click(findTestObject("Object Repository/Page_CURA Healthcare Service/td_30")): Object: 'Object Repository/Page_CURA Healthcare Service/td_30' is clicked on

10-01-2025T23:25:23 - [MESSAGE][PASSED] - Object: 'Object Repository/Page_CURA Healthcare Service/td_30' is clicked on

10-01-2025T23:25:23 - [TEST_STEP][PASSED] - setText(findTestObject("Object Repository/Page_CURA Healthcare Service/textarea_Comment_comment"), "Appointemt booked in Honkong"): Text 'Appointemt booked in Honkong' is set on object 'Object Repository/Page_CURA Healthcare Service/textarea_Comment_comment'

10-01-2025T23:25:24 - [MESSAGE][PASSED] - Text 'Appointemt booked in Honkong' is set on object 'Object Repository/Page_CURA Healthcare Service/textarea_Comment_comment'

10-01-2025T23:25:24 - [TEST_STEP][PASSED] - click(findTestObject("Object Repository/Page_CURA Healthcare Service/button_Book Appointment")): Object: 'Object Repository/Page_CURA Healthcare Service/button_Book Appointment' is clicked on

10-01-2025T23:25:24 - [MESSAGE][PASSED] - Object: 'Object Repository/Page_CURA Healthcare Service/button_Book Appointment' is clicked on]]></system-out>
         <system-err><![CDATA[]]></system-err>
      </testcase>
      <testcase name="Test Cases/CURA/Logout_TC_03" time="1.113" classname="Test Cases/CURA/Logout_TC_03" status="PASSED">
         <system-out><![CDATA[10-01-2025T23:25:24 - [TEST_CASE][PASSED] - Test Cases/CURA/Logout_TC_03: Test Cases/CURA/Logout_TC_03

10-01-2025T23:25:24 - [TEST_STEP][PASSED] - click(findTestObject("Object Repository/Page_CURA Healthcare Service/i_CURA Healthcare_fa fa-bars")): Object: 'Object Repository/Page_CURA Healthcare Service/i_CURA Healthcare_fa fa-bars' is clicked on

10-01-2025T23:25:25 - [MESSAGE][PASSED] - Object: 'Object Repository/Page_CURA Healthcare Service/i_CURA Healthcare_fa fa-bars' is clicked on

10-01-2025T23:25:25 - [TEST_STEP][PASSED] - click(findTestObject("Object Repository/Page_CURA Healthcare Service/a_Logout")): Object: 'Object Repository/Page_CURA Healthcare Service/a_Logout' is clicked on

10-01-2025T23:25:25 - [MESSAGE][PASSED] - Object: 'Object Repository/Page_CURA Healthcare Service/a_Logout' is clicked on

10-01-2025T23:25:25 - [TEST_STEP][PASSED] - closeBrowser(): Browser is closed

10-01-2025T23:25:25 - [MESSAGE][PASSED] - Browser is closed]]></system-out>
         <system-err><![CDATA[]]></system-err>
      </testcase>
      <system-out><![CDATA[10-01-2025T23:25:09 - [TEST_SUITE][PASSED] - Cura_TestSuite: Test Cases/CURA/Logout_TC_03]]></system-out>
      <system-err><![CDATA[]]></system-err>
   </testsuite>
</testsuites>
